42185:M 27 Mar 20:42:02.997 # You requested maxclients of 10000 requiring at least 10032 max file descriptors.
42185:M 27 Mar 20:42:02.998 # Server can't set maximum open files to 10032 because of OS error: Operation not permitted.
42185:M 27 Mar 20:42:02.998 # Current maximum open files is 4096. maxclients has been reduced to 4064 to compensate for low ulimit. If you need higher maxclients increase 'ulimit -n'.
                _._                                                  
           _.-``__ ''-._                                             
      _.-``    `.  `_.  ''-._           Redis 3.2.10 (00000000/0) 64 bit
  .-`` .-```.  ```\/    _.,_ ''-._                                   
 (    '      ,       .-`  | `,    )     Running in standalone mode
 |`-._`-...-` __...-.``-._|'` _.-'|     Port: 6379
 |    `-._   `._    /     _.-'    |     PID: 42185
  `-._    `-._  `-./  _.-'    _.-'                                   
 |`-._`-._    `-.__.-'    _.-'_.-'|                                  
 |    `-._`-._        _.-'_.-'    |           http://redis.io        
  `-._    `-._`-.__.-'_.-'    _.-'                                   
 |`-._`-._    `-.__.-'    _.-'_.-'|                                  
 |    `-._`-._        _.-'_.-'    |                                  
  `-._    `-._`-.__.-'_.-'    _.-'                                   
      `-._    `-.__.-'    _.-'                                       
          `-._        _.-'                                           
              `-.__.-'                                               

42185:M 27 Mar 20:42:03.000 # WARNING: The TCP backlog setting of 511 cannot be enforced because /proc/sys/net/core/somaxconn is set to the lower value of 128.
42185:M 27 Mar 20:42:03.000 # Server started, Redis version 3.2.10
42185:M 27 Mar 20:42:03.000 # WARNING overcommit_memory is set to 0! Background save may fail under low memory condition. To fix this issue add 'vm.overcommit_memory = 1' to /etc/sysctl.conf and then reboot or run the command 'sysctl vm.overcommit_memory=1' for this to take effect.
42185:M 27 Mar 20:42:03.000 # WARNING you have Transparent Huge Pages (THP) support enabled in your kernel. This will create latency and memory usage issues with Redis. To fix this issue run the command 'echo never > /sys/kernel/mm/transparent_hugepage/enabled' as root, and add it to your /etc/rc.local in order to retain the setting after a reboot. Redis must be restarted after THP is disabled.
42185:M 27 Mar 20:42:03.000 * DB loaded from disk: 0.000 seconds
42185:M 27 Mar 20:42:03.000 * The server is now ready to accept connections on port 6379
42185:signal-handler (1522197895) Received SIGINT scheduling shutdown...
42185:M 27 Mar 20:44:55.197 # User requested shutdown...
42185:M 27 Mar 20:44:55.197 * Saving the final RDB snapshot before exiting.
42185:M 27 Mar 20:44:55.361 * DB saved on disk
42185:M 27 Mar 20:44:55.361 * Removing the pid file.
42185:M 27 Mar 20:44:55.361 # Redis is now ready to exit, bye bye...
42480:M 27 Mar 20:53:25.755 # You requested maxclients of 10000 requiring at least 10032 max file descriptors.
42480:M 27 Mar 20:53:25.755 # Server can't set maximum open files to 10032 because of OS error: Operation not permitted.
42480:M 27 Mar 20:53:25.755 # Current maximum open files is 4096. maxclients has been reduced to 4064 to compensate for low ulimit. If you need higher maxclients increase 'ulimit -n'.
                _._                                                  
           _.-``__ ''-._                                             
      _.-``    `.  `_.  ''-._           Redis 3.2.10 (00000000/0) 64 bit
  .-`` .-```.  ```\/    _.,_ ''-._                                   
 (    '      ,       .-`  | `,    )     Running in standalone mode
 |`-._`-...-` __...-.``-._|'` _.-'|     Port: 6379
 |    `-._   `._    /     _.-'    |     PID: 42480
  `-._    `-._  `-./  _.-'    _.-'                                   
 |`-._`-._    `-.__.-'    _.-'_.-'|                                  
 |    `-._`-._        _.-'_.-'    |           http://redis.io        
  `-._    `-._`-.__.-'_.-'    _.-'                                   
 |`-._`-._    `-.__.-'    _.-'_.-'|                                  
 |    `-._`-._        _.-'_.-'    |                                  
  `-._    `-._`-.__.-'_.-'    _.-'                                   
      `-._    `-.__.-'    _.-'                                       
          `-._        _.-'                                           
              `-.__.-'                                               

42480:M 27 Mar 20:53:25.755 # WARNING: The TCP backlog setting of 511 cannot be enforced because /proc/sys/net/core/somaxconn is set to the lower value of 128.
42480:M 27 Mar 20:53:25.755 # Server started, Redis version 3.2.10
42480:M 27 Mar 20:53:25.755 # WARNING overcommit_memory is set to 0! Background save may fail under low memory condition. To fix this issue add 'vm.overcommit_memory = 1' to /etc/sysctl.conf and then reboot or run the command 'sysctl vm.overcommit_memory=1' for this to take effect.
42480:M 27 Mar 20:53:25.755 # WARNING you have Transparent Huge Pages (THP) support enabled in your kernel. This will create latency and memory usage issues with Redis. To fix this issue run the command 'echo never > /sys/kernel/mm/transparent_hugepage/enabled' as root, and add it to your /etc/rc.local in order to retain the setting after a reboot. Redis must be restarted after THP is disabled.
42480:M 27 Mar 20:53:25.755 * The server is now ready to accept connections on port 6379
42480:M 27 Mar 20:53:47.957 * Slave 127.0.0.1:6380 asks for synchronization
42480:M 27 Mar 20:53:47.957 * Full resync requested by slave 127.0.0.1:6380
42480:M 27 Mar 20:53:47.957 * Starting BGSAVE for SYNC with target: disk
42480:M 27 Mar 20:53:47.957 * Background saving started by pid 42516
42516:C 27 Mar 20:53:48.033 * DB saved on disk
42516:C 27 Mar 20:53:48.033 * RDB: 2 MB of memory used by copy-on-write
42480:M 27 Mar 20:53:48.065 * Background saving terminated with success
42480:M 27 Mar 20:53:48.065 * Synchronization with slave 127.0.0.1:6380 succeeded
42480:signal-handler (1522198725) Received SIGINT scheduling shutdown...
42480:M 27 Mar 20:58:45.900 # User requested shutdown...
42480:M 27 Mar 20:58:45.900 * Calling fsync() on the AOF file.
42480:M 27 Mar 20:58:46.030 * Saving the final RDB snapshot before exiting.
42480:M 27 Mar 20:58:46.108 * DB saved on disk
42480:M 27 Mar 20:58:46.108 * Removing the pid file.
42480:M 27 Mar 20:58:46.108 # Redis is now ready to exit, bye bye...
44032:M 27 Mar 21:49:43.775 # You requested maxclients of 10000 requiring at least 10032 max file descriptors.
44032:M 27 Mar 21:49:43.775 # Server can't set maximum open files to 10032 because of OS error: Operation not permitted.
44032:M 27 Mar 21:49:43.776 # Current maximum open files is 4096. maxclients has been reduced to 4064 to compensate for low ulimit. If you need higher maxclients increase 'ulimit -n'.
                _._                                                  
           _.-``__ ''-._                                             
      _.-``    `.  `_.  ''-._           Redis 3.2.10 (00000000/0) 64 bit
  .-`` .-```.  ```\/    _.,_ ''-._                                   
 (    '      ,       .-`  | `,    )     Running in standalone mode
 |`-._`-...-` __...-.``-._|'` _.-'|     Port: 6379
 |    `-._   `._    /     _.-'    |     PID: 44032
  `-._    `-._  `-./  _.-'    _.-'                                   
 |`-._`-._    `-.__.-'    _.-'_.-'|                                  
 |    `-._`-._        _.-'_.-'    |           http://redis.io        
  `-._    `-._`-.__.-'_.-'    _.-'                                   
 |`-._`-._    `-.__.-'    _.-'_.-'|                                  
 |    `-._`-._        _.-'_.-'    |                                  
  `-._    `-._`-.__.-'_.-'    _.-'                                   
      `-._    `-.__.-'    _.-'                                       
          `-._        _.-'                                           
              `-.__.-'                                               

44032:M 27 Mar 21:49:43.777 # WARNING: The TCP backlog setting of 511 cannot be enforced because /proc/sys/net/core/somaxconn is set to the lower value of 128.
44032:M 27 Mar 21:49:43.777 # Server started, Redis version 3.2.10
44032:M 27 Mar 21:49:43.777 # WARNING overcommit_memory is set to 0! Background save may fail under low memory condition. To fix this issue add 'vm.overcommit_memory = 1' to /etc/sysctl.conf and then reboot or run the command 'sysctl vm.overcommit_memory=1' for this to take effect.
44032:M 27 Mar 21:49:43.777 # WARNING you have Transparent Huge Pages (THP) support enabled in your kernel. This will create latency and memory usage issues with Redis. To fix this issue run the command 'echo never > /sys/kernel/mm/transparent_hugepage/enabled' as root, and add it to your /etc/rc.local in order to retain the setting after a reboot. Redis must be restarted after THP is disabled.
44032:M 27 Mar 21:49:43.890 * DB loaded from append only file: 0.113 seconds
44032:M 27 Mar 21:49:43.890 * The server is now ready to accept connections on port 6379
44032:S 27 Mar 21:49:53.929 * SLAVE OF 127.0.0.1:6380 enabled (user request from 'id=2 addr=127.0.0.1:37232 fd=7 name=sentinel-520759fd-cmd age=10 idle=0 flags=x db=0 sub=0 psub=0 multi=3 qbuf=0 qbuf-free=32768 obl=36 oll=0 omem=0 events=r cmd=exec')
44032:S 27 Mar 21:49:53.932 # CONFIG REWRITE executed with success.
44032:S 27 Mar 21:49:54.001 * Connecting to MASTER 127.0.0.1:6380
44032:S 27 Mar 21:49:54.001 * MASTER <-> SLAVE sync started
44032:S 27 Mar 21:49:54.001 * Non blocking connect for SYNC fired the event.
44032:S 27 Mar 21:49:54.002 * Master replied to PING, replication can continue...
44032:S 27 Mar 21:49:54.002 * Partial resynchronization not possible (no cached master)
44032:S 27 Mar 21:49:54.003 * Full resync from master: c663b332c09764410ce275168d4bfef23eabd605:1
44032:S 27 Mar 21:49:54.140 * MASTER <-> SLAVE sync: receiving 95 bytes from master
44032:S 27 Mar 21:49:54.140 * MASTER <-> SLAVE sync: Flushing old data
44032:S 27 Mar 21:49:54.140 * MASTER <-> SLAVE sync: Loading DB in memory
44032:S 27 Mar 21:49:54.140 * MASTER <-> SLAVE sync: Finished with success
44032:S 27 Mar 21:49:54.142 * Background append only file rewriting started by pid 44047
44032:S 27 Mar 21:49:54.243 * AOF rewrite child asks to stop sending diffs.
44047:C 27 Mar 21:49:54.243 * Parent agreed to stop sending diffs. Finalizing AOF...
44047:C 27 Mar 21:49:54.243 * Concatenating 0.00 MB of AOF diff received from parent.
44047:C 27 Mar 21:49:54.244 * SYNC append only file rewrite performed
44047:C 27 Mar 21:49:54.245 * AOF rewrite: 2 MB of memory used by copy-on-write
44032:S 27 Mar 21:49:54.303 * Background AOF rewrite terminated with success
44032:S 27 Mar 21:49:54.303 * Residual parent diff successfully flushed to the rewritten AOF (0.00 MB)
44032:S 27 Mar 21:49:54.303 * Background AOF rewrite finished successfully
44479:S 27 Mar 22:01:56.022 * Increased maximum number of open files to 4096 (it was originally set to 1024).
44479:S 27 Mar 22:01:56.022 # Creating Server TCP listening socket *:6379: bind: Address already in use
44548:S 27 Mar 22:02:42.954 * Increased maximum number of open files to 4096 (it was originally set to 1024).
44548:S 27 Mar 22:02:42.954 # Creating Server TCP listening socket *:6379: bind: Address already in use
44032:S 27 Mar 22:04:44.090 * 1 changes in 900 seconds. Saving...
44032:S 27 Mar 22:04:44.091 * Background saving started by pid 44786
44786:C 27 Mar 22:04:44.253 * DB saved on disk
44786:C 27 Mar 22:04:44.253 * RDB: 2 MB of memory used by copy-on-write
44032:S 27 Mar 22:04:44.294 * Background saving terminated with success
44032:S 27 Mar 22:06:15.302 # Connection with master lost.
44032:S 27 Mar 22:06:15.302 * Caching the disconnected master state.
44032:S 27 Mar 22:06:15.663 * Connecting to MASTER 127.0.0.1:6380
44032:S 27 Mar 22:06:15.663 * MASTER <-> SLAVE sync started
44032:S 27 Mar 22:06:15.663 # Error condition on socket for SYNC: Connection refused
44032:S 27 Mar 22:06:16.666 * Connecting to MASTER 127.0.0.1:6380
44032:S 27 Mar 22:06:16.667 * MASTER <-> SLAVE sync started
44032:S 27 Mar 22:06:16.667 # Error condition on socket for SYNC: Connection refused
44032:S 27 Mar 22:06:17.672 * Connecting to MASTER 127.0.0.1:6380
44032:S 27 Mar 22:06:17.672 * MASTER <-> SLAVE sync started
44032:S 27 Mar 22:06:17.672 # Error condition on socket for SYNC: Connection refused
44032:S 27 Mar 22:06:18.685 * Connecting to MASTER 127.0.0.1:6380
44032:S 27 Mar 22:06:18.685 * MASTER <-> SLAVE sync started
44032:S 27 Mar 22:06:18.685 # Error condition on socket for SYNC: Connection refused
44032:S 27 Mar 22:06:19.693 * Connecting to MASTER 127.0.0.1:6380
44032:S 27 Mar 22:06:19.693 * MASTER <-> SLAVE sync started
44032:S 27 Mar 22:06:19.694 # Error condition on socket for SYNC: Connection refused
44032:S 27 Mar 22:06:20.699 * Connecting to MASTER 127.0.0.1:6380
44032:S 27 Mar 22:06:20.699 * MASTER <-> SLAVE sync started
44032:S 27 Mar 22:06:20.699 # Error condition on socket for SYNC: Connection refused
44032:S 27 Mar 22:06:21.707 * Connecting to MASTER 127.0.0.1:6380
44032:S 27 Mar 22:06:21.708 * MASTER <-> SLAVE sync started
44032:S 27 Mar 22:06:21.708 # Error condition on socket for SYNC: Connection refused
44032:S 27 Mar 22:06:22.711 * Connecting to MASTER 127.0.0.1:6380
44032:S 27 Mar 22:06:22.711 * MASTER <-> SLAVE sync started
44032:S 27 Mar 22:06:22.711 # Error condition on socket for SYNC: Connection refused
44032:S 27 Mar 22:06:23.717 * Connecting to MASTER 127.0.0.1:6380
44032:S 27 Mar 22:06:23.717 * MASTER <-> SLAVE sync started
44032:S 27 Mar 22:06:23.717 # Error condition on socket for SYNC: Connection refused
44032:S 27 Mar 22:06:24.723 * Connecting to MASTER 127.0.0.1:6380
44032:S 27 Mar 22:06:24.723 * MASTER <-> SLAVE sync started
44032:S 27 Mar 22:06:24.723 # Error condition on socket for SYNC: Connection refused
44032:S 27 Mar 22:06:25.727 * Connecting to MASTER 127.0.0.1:6380
44032:S 27 Mar 22:06:25.727 * MASTER <-> SLAVE sync started
44032:S 27 Mar 22:06:25.727 # Error condition on socket for SYNC: Connection refused
44032:S 27 Mar 22:06:26.733 * Connecting to MASTER 127.0.0.1:6380
44032:S 27 Mar 22:06:26.734 * MASTER <-> SLAVE sync started
44032:S 27 Mar 22:06:26.734 # Error condition on socket for SYNC: Connection refused
44032:S 27 Mar 22:06:27.742 * Connecting to MASTER 127.0.0.1:6380
44032:S 27 Mar 22:06:27.742 * MASTER <-> SLAVE sync started
44032:S 27 Mar 22:06:27.742 # Error condition on socket for SYNC: Connection refused
44032:S 27 Mar 22:06:28.747 * Connecting to MASTER 127.0.0.1:6380
44032:S 27 Mar 22:06:28.747 * MASTER <-> SLAVE sync started
44032:S 27 Mar 22:06:28.747 # Error condition on socket for SYNC: Connection refused
44032:S 27 Mar 22:06:29.754 * Connecting to MASTER 127.0.0.1:6380
44032:S 27 Mar 22:06:29.754 * MASTER <-> SLAVE sync started
44032:S 27 Mar 22:06:29.755 # Error condition on socket for SYNC: Connection refused
44032:S 27 Mar 22:06:30.761 * Connecting to MASTER 127.0.0.1:6380
44032:S 27 Mar 22:06:30.762 * MASTER <-> SLAVE sync started
44032:S 27 Mar 22:06:30.762 # Error condition on socket for SYNC: Connection refused
44032:S 27 Mar 22:06:31.768 * Connecting to MASTER 127.0.0.1:6380
44032:S 27 Mar 22:06:31.769 * MASTER <-> SLAVE sync started
44032:S 27 Mar 22:06:31.769 # Error condition on socket for SYNC: Connection refused
44032:S 27 Mar 22:06:32.773 * Connecting to MASTER 127.0.0.1:6380
44032:S 27 Mar 22:06:32.773 * MASTER <-> SLAVE sync started
44032:S 27 Mar 22:06:32.774 # Error condition on socket for SYNC: Connection refused
44032:S 27 Mar 22:06:33.787 * Connecting to MASTER 127.0.0.1:6380
44032:S 27 Mar 22:06:33.788 * MASTER <-> SLAVE sync started
44032:S 27 Mar 22:06:33.788 # Error condition on socket for SYNC: Connection refused
44032:S 27 Mar 22:06:34.792 * Connecting to MASTER 127.0.0.1:6380
44032:S 27 Mar 22:06:34.793 * MASTER <-> SLAVE sync started
44032:S 27 Mar 22:06:34.793 # Error condition on socket for SYNC: Connection refused
44032:S 27 Mar 22:06:35.803 * Connecting to MASTER 127.0.0.1:6380
44032:S 27 Mar 22:06:35.803 * MASTER <-> SLAVE sync started
44032:S 27 Mar 22:06:35.803 # Error condition on socket for SYNC: Connection refused
44032:S 27 Mar 22:06:36.806 * Connecting to MASTER 127.0.0.1:6380
44032:S 27 Mar 22:06:36.807 * MASTER <-> SLAVE sync started
44032:S 27 Mar 22:06:36.807 # Error condition on socket for SYNC: Connection refused
44032:S 27 Mar 22:06:37.815 * Connecting to MASTER 127.0.0.1:6380
44032:S 27 Mar 22:06:37.815 * MASTER <-> SLAVE sync started
44032:S 27 Mar 22:06:37.815 # Error condition on socket for SYNC: Connection refused
44032:S 27 Mar 22:06:38.821 * Connecting to MASTER 127.0.0.1:6380
44032:S 27 Mar 22:06:38.822 * MASTER <-> SLAVE sync started
44032:S 27 Mar 22:06:38.822 # Error condition on socket for SYNC: Connection refused
44032:S 27 Mar 22:06:39.827 * Connecting to MASTER 127.0.0.1:6380
44032:S 27 Mar 22:06:39.827 * MASTER <-> SLAVE sync started
44032:S 27 Mar 22:06:39.827 # Error condition on socket for SYNC: Connection refused
44032:signal-handler (1522202800) Received SIGTERM scheduling shutdown...
44032:S 27 Mar 22:06:40.128 # User requested shutdown...
44032:S 27 Mar 22:06:40.128 * Calling fsync() on the AOF file.
44032:S 27 Mar 22:06:40.159 * Saving the final RDB snapshot before exiting.
44032:S 27 Mar 22:06:40.213 * DB saved on disk
44032:S 27 Mar 22:06:40.213 * Removing the pid file.
44032:S 27 Mar 22:06:40.213 # Redis is now ready to exit, bye bye...
44933:S 27 Mar 22:07:21.055 * Increased maximum number of open files to 4096 (it was originally set to 1024).
                _._                                                  
           _.-``__ ''-._                                             
      _.-``    `.  `_.  ''-._           Redis 3.2.10 (00000000/0) 64 bit
  .-`` .-```.  ```\/    _.,_ ''-._                                   
 (    '      ,       .-`  | `,    )     Running in standalone mode
 |`-._`-...-` __...-.``-._|'` _.-'|     Port: 6379
 |    `-._   `._    /     _.-'    |     PID: 44933
  `-._    `-._  `-./  _.-'    _.-'                                   
 |`-._`-._    `-.__.-'    _.-'_.-'|                                  
 |    `-._`-._        _.-'_.-'    |           http://redis.io        
  `-._    `-._`-.__.-'_.-'    _.-'                                   
 |`-._`-._    `-.__.-'    _.-'_.-'|                                  
 |    `-._`-._        _.-'_.-'    |                                  
  `-._    `-._`-.__.-'_.-'    _.-'                                   
      `-._    `-.__.-'    _.-'                                       
          `-._        _.-'                                           
              `-.__.-'                                               

44933:S 27 Mar 22:07:21.056 # WARNING: The TCP backlog setting of 511 cannot be enforced because /proc/sys/net/core/somaxconn is set to the lower value of 128.
44933:S 27 Mar 22:07:21.056 # Server started, Redis version 3.2.10
44933:S 27 Mar 22:07:21.056 # WARNING overcommit_memory is set to 0! Background save may fail under low memory condition. To fix this issue add 'vm.overcommit_memory = 1' to /etc/sysctl.conf and then reboot or run the command 'sysctl vm.overcommit_memory=1' for this to take effect.
44933:S 27 Mar 22:07:21.056 # WARNING you have Transparent Huge Pages (THP) support enabled in your kernel. This will create latency and memory usage issues with Redis. To fix this issue run the command 'echo never > /sys/kernel/mm/transparent_hugepage/enabled' as root, and add it to your /etc/rc.local in order to retain the setting after a reboot. Redis must be restarted after THP is disabled.
44933:S 27 Mar 22:07:21.069 * DB loaded from append only file: 0.014 seconds
44933:S 27 Mar 22:07:21.069 * The server is now ready to accept connections on port 6379
44933:S 27 Mar 22:07:21.070 * Connecting to MASTER 127.0.0.1:6380
44933:S 27 Mar 22:07:21.070 * MASTER <-> SLAVE sync started
44933:S 27 Mar 22:07:21.070 * Non blocking connect for SYNC fired the event.
44933:S 27 Mar 22:07:21.070 * Master replied to PING, replication can continue...
44933:S 27 Mar 22:07:21.070 * Partial resynchronization not possible (no cached master)
44933:S 27 Mar 22:07:21.071 * Full resync from master: a2bc044784093745f3305fa081ebe303ca3f80bc:1
44933:S 27 Mar 22:07:21.230 * MASTER <-> SLAVE sync: receiving 96 bytes from master
44933:S 27 Mar 22:07:21.230 * MASTER <-> SLAVE sync: Flushing old data
44933:S 27 Mar 22:07:21.230 * MASTER <-> SLAVE sync: Loading DB in memory
44933:S 27 Mar 22:07:21.231 * MASTER <-> SLAVE sync: Finished with success
44933:S 27 Mar 22:07:21.233 * Background append only file rewriting started by pid 44937
44933:S 27 Mar 22:07:21.311 * AOF rewrite child asks to stop sending diffs.
44937:C 27 Mar 22:07:21.311 * Parent agreed to stop sending diffs. Finalizing AOF...
44937:C 27 Mar 22:07:21.311 * Concatenating 0.00 MB of AOF diff received from parent.
44937:C 27 Mar 22:07:21.321 * SYNC append only file rewrite performed
44937:C 27 Mar 22:07:21.322 * AOF rewrite: 2 MB of memory used by copy-on-write
44933:S 27 Mar 22:07:21.371 * Background AOF rewrite terminated with success
44933:S 27 Mar 22:07:21.371 * Residual parent diff successfully flushed to the rewritten AOF (0.00 MB)
44933:S 27 Mar 22:07:21.372 * Background AOF rewrite finished successfully
44933:signal-handler (1522203260) Received SIGINT scheduling shutdown...
44933:S 27 Mar 22:14:20.230 # User requested shutdown...
44933:S 27 Mar 22:14:20.230 * Calling fsync() on the AOF file.
44933:S 27 Mar 22:14:20.387 * Saving the final RDB snapshot before exiting.
44933:S 27 Mar 22:14:20.441 * DB saved on disk
44933:S 27 Mar 22:14:20.441 * Removing the pid file.
44933:S 27 Mar 22:14:20.441 # Redis is now ready to exit, bye bye...
45327:S 27 Mar 22:16:26.035 * Increased maximum number of open files to 4096 (it was originally set to 1024).
                _._                                                  
           _.-``__ ''-._                                             
      _.-``    `.  `_.  ''-._           Redis 3.2.10 (00000000/0) 64 bit
  .-`` .-```.  ```\/    _.,_ ''-._                                   
 (    '      ,       .-`  | `,    )     Running in standalone mode
 |`-._`-...-` __...-.``-._|'` _.-'|     Port: 6379
 |    `-._   `._    /     _.-'    |     PID: 45327
  `-._    `-._  `-./  _.-'    _.-'                                   
 |`-._`-._    `-.__.-'    _.-'_.-'|                                  
 |    `-._`-._        _.-'_.-'    |           http://redis.io        
  `-._    `-._`-.__.-'_.-'    _.-'                                   
 |`-._`-._    `-.__.-'    _.-'_.-'|                                  
 |    `-._`-._        _.-'_.-'    |                                  
  `-._    `-._`-.__.-'_.-'    _.-'                                   
      `-._    `-.__.-'    _.-'                                       
          `-._        _.-'                                           
              `-.__.-'                                               

45327:S 27 Mar 22:16:26.035 # WARNING: The TCP backlog setting of 511 cannot be enforced because /proc/sys/net/core/somaxconn is set to the lower value of 128.
45327:S 27 Mar 22:16:26.035 # Server started, Redis version 3.2.10
45327:S 27 Mar 22:16:26.035 # WARNING overcommit_memory is set to 0! Background save may fail under low memory condition. To fix this issue add 'vm.overcommit_memory = 1' to /etc/sysctl.conf and then reboot or run the command 'sysctl vm.overcommit_memory=1' for this to take effect.
45327:S 27 Mar 22:16:26.035 # WARNING you have Transparent Huge Pages (THP) support enabled in your kernel. This will create latency and memory usage issues with Redis. To fix this issue run the command 'echo never > /sys/kernel/mm/transparent_hugepage/enabled' as root, and add it to your /etc/rc.local in order to retain the setting after a reboot. Redis must be restarted after THP is disabled.
45327:S 27 Mar 22:16:26.146 * DB loaded from append only file: 0.110 seconds
45327:S 27 Mar 22:16:26.146 * The server is now ready to accept connections on port 6379
45327:S 27 Mar 22:16:26.146 * Connecting to MASTER 127.0.0.1:6380
45327:S 27 Mar 22:16:26.146 * MASTER <-> SLAVE sync started
45327:S 27 Mar 22:16:26.146 * Non blocking connect for SYNC fired the event.
45327:S 27 Mar 22:16:26.146 * Master replied to PING, replication can continue...
45327:S 27 Mar 22:16:26.147 * Partial resynchronization not possible (no cached master)
45327:S 27 Mar 22:16:26.148 * Full resync from master: a2bc044784093745f3305fa081ebe303ca3f80bc:66679
45327:S 27 Mar 22:16:26.257 * MASTER <-> SLAVE sync: receiving 96 bytes from master
45327:S 27 Mar 22:16:26.257 * MASTER <-> SLAVE sync: Flushing old data
45327:S 27 Mar 22:16:26.257 * MASTER <-> SLAVE sync: Loading DB in memory
45327:S 27 Mar 22:16:26.258 * MASTER <-> SLAVE sync: Finished with success
45327:S 27 Mar 22:16:26.259 * Background append only file rewriting started by pid 45331
45327:S 27 Mar 22:16:26.340 * AOF rewrite child asks to stop sending diffs.
45331:C 27 Mar 22:16:26.340 * Parent agreed to stop sending diffs. Finalizing AOF...
45331:C 27 Mar 22:16:26.340 * Concatenating 0.00 MB of AOF diff received from parent.
45331:C 27 Mar 22:16:26.341 * SYNC append only file rewrite performed
45331:C 27 Mar 22:16:26.342 * AOF rewrite: 2 MB of memory used by copy-on-write
45327:S 27 Mar 22:16:26.349 * Background AOF rewrite terminated with success
45327:S 27 Mar 22:16:26.349 * Residual parent diff successfully flushed to the rewritten AOF (0.00 MB)
45327:S 27 Mar 22:16:26.349 * Background AOF rewrite finished successfully
45327:S 27 Mar 22:17:02.960 # Connection with master lost.
45327:S 27 Mar 22:17:02.960 * Caching the disconnected master state.
45327:S 27 Mar 22:17:03.423 * Connecting to MASTER 127.0.0.1:6380
45327:S 27 Mar 22:17:03.423 * MASTER <-> SLAVE sync started
45327:S 27 Mar 22:17:03.423 # Error condition on socket for SYNC: Connection refused
45327:S 27 Mar 22:17:04.439 * Connecting to MASTER 127.0.0.1:6380
45327:S 27 Mar 22:17:04.439 * MASTER <-> SLAVE sync started
45327:S 27 Mar 22:17:04.439 # Error condition on socket for SYNC: Connection refused
45327:S 27 Mar 22:17:05.445 * Connecting to MASTER 127.0.0.1:6380
45327:S 27 Mar 22:17:05.445 * MASTER <-> SLAVE sync started
45327:S 27 Mar 22:17:05.445 # Error condition on socket for SYNC: Connection refused
45327:S 27 Mar 22:17:06.457 * Connecting to MASTER 127.0.0.1:6380
45327:S 27 Mar 22:17:06.457 * MASTER <-> SLAVE sync started
45327:S 27 Mar 22:17:06.457 # Error condition on socket for SYNC: Connection refused
45327:S 27 Mar 22:17:07.464 * Connecting to MASTER 127.0.0.1:6380
45327:S 27 Mar 22:17:07.464 * MASTER <-> SLAVE sync started
45327:S 27 Mar 22:17:07.465 # Error condition on socket for SYNC: Connection refused
45327:S 27 Mar 22:17:08.470 * Connecting to MASTER 127.0.0.1:6380
45327:S 27 Mar 22:17:08.470 * MASTER <-> SLAVE sync started
45327:S 27 Mar 22:17:08.470 # Error condition on socket for SYNC: Connection refused
45327:S 27 Mar 22:17:09.475 * Connecting to MASTER 127.0.0.1:6380
45327:S 27 Mar 22:17:09.475 * MASTER <-> SLAVE sync started
45327:S 27 Mar 22:17:09.476 # Error condition on socket for SYNC: Connection refused
45327:S 27 Mar 22:17:10.479 * Connecting to MASTER 127.0.0.1:6380
45327:S 27 Mar 22:17:10.480 * MASTER <-> SLAVE sync started
45327:S 27 Mar 22:17:10.480 # Error condition on socket for SYNC: Connection refused
45327:S 27 Mar 22:17:11.483 * Connecting to MASTER 127.0.0.1:6380
45327:S 27 Mar 22:17:11.484 * MASTER <-> SLAVE sync started
45327:S 27 Mar 22:17:11.484 # Error condition on socket for SYNC: Connection refused
45327:S 27 Mar 22:17:12.491 * Connecting to MASTER 127.0.0.1:6380
45327:S 27 Mar 22:17:12.491 * MASTER <-> SLAVE sync started
45327:S 27 Mar 22:17:12.491 # Error condition on socket for SYNC: Connection refused
45327:S 27 Mar 22:17:13.494 * Connecting to MASTER 127.0.0.1:6380
45327:S 27 Mar 22:17:13.494 * MASTER <-> SLAVE sync started
45327:S 27 Mar 22:17:13.495 # Error condition on socket for SYNC: Connection refused
45327:S 27 Mar 22:17:14.500 * Connecting to MASTER 127.0.0.1:6380
45327:S 27 Mar 22:17:14.500 * MASTER <-> SLAVE sync started
45327:S 27 Mar 22:17:14.500 # Error condition on socket for SYNC: Connection refused
45327:S 27 Mar 22:17:15.506 * Connecting to MASTER 127.0.0.1:6380
45327:S 27 Mar 22:17:15.507 * MASTER <-> SLAVE sync started
45327:S 27 Mar 22:17:15.507 # Error condition on socket for SYNC: Connection refused
45327:S 27 Mar 22:17:16.513 * Connecting to MASTER 127.0.0.1:6380
45327:S 27 Mar 22:17:16.513 * MASTER <-> SLAVE sync started
45327:S 27 Mar 22:17:16.513 # Error condition on socket for SYNC: Connection refused
45327:S 27 Mar 22:17:17.518 * Connecting to MASTER 127.0.0.1:6380
45327:S 27 Mar 22:17:17.518 * MASTER <-> SLAVE sync started
45327:S 27 Mar 22:17:17.518 # Error condition on socket for SYNC: Connection refused
45327:M 27 Mar 22:17:18.516 * Discarding previously cached master state.
45327:M 27 Mar 22:17:18.516 * MASTER MODE enabled (user request from 'id=3 addr=127.0.0.1:38598 fd=14 name=sentinel-ac894ada-cmd age=52 idle=0 flags=x db=0 sub=0 psub=0 multi=3 qbuf=0 qbuf-free=32768 obl=36 oll=0 omem=0 events=r cmd=exec')
45327:M 27 Mar 22:17:18.517 # CONFIG REWRITE executed with success.
45327:M 27 Mar 22:31:27.046 * 1 changes in 900 seconds. Saving...
45327:M 27 Mar 22:31:27.047 * Background saving started by pid 45755
45755:C 27 Mar 22:31:27.205 * DB saved on disk
45755:C 27 Mar 22:31:27.206 * RDB: 2 MB of memory used by copy-on-write
45327:M 27 Mar 22:31:27.250 * Background saving terminated with success
45327:signal-handler (1522206200) Received SIGINT scheduling shutdown...
45327:M 27 Mar 23:03:20.971 # User requested shutdown...
45327:M 27 Mar 23:03:20.971 * Calling fsync() on the AOF file.
45327:M 27 Mar 23:03:20.972 * Saving the final RDB snapshot before exiting.
45327:M 27 Mar 23:03:21.178 * DB saved on disk
45327:M 27 Mar 23:03:21.178 * Removing the pid file.
45327:M 27 Mar 23:03:21.178 # Redis is now ready to exit, bye bye...
